<?xml version="1.0" encoding="UTF-8"?>
<!-- Generated by org.testng.reporters.JUnitXMLReporter -->
<testsuite hostname="Anshuls-MacBook.local" ignored="0" name="Default test" tests="5" failures="0" timestamp="2022-06-21T20:05:32 IST" time="46.631" errors="0">
  <testcase name="OpenHeadLess" time="25.037" classname="com.selenuim.basic.OptionsClassSelenium"/>
  <testcase name="SetBrowserNotification" time="6.998" classname="com.selenuim.basic.OptionsClassSelenium"/>
  <testcase name="SetPageLoadStrategy" time="3.219" classname="com.selenuim.basic.OptionsClassSelenium"/>
  <testcase name="handleUnHandledAlert" time="7.988" classname="com.selenuim.basic.OptionsClassSelenium"/>
  <testcase name="setArguments" time="3.321" classname="com.selenuim.basic.OptionsClassSelenium"/>
</testsuite> <!-- Default test -->
