<?xml version="1.0" encoding="UTF-8"?>
<!-- Generated by org.testng.reporters.JUnitXMLReporter -->
<testsuite hostname="Anshuls-MacBook-Air.local" ignored="0" name="Default test" tests="2" failures="0" timestamp="01 May 2019 15:31:19 GMT" time="138.981" errors="0">
  <testcase name="addStockTest" time="87.48" classname="com.liveproject.AddDeleteStockInPortfolio"/>
  <testcase name="deleteStock" time="51.449" classname="com.liveproject.AddDeleteStockInPortfolio"/>
</testsuite> <!-- Default test -->
