<?xml version="1.0" encoding="UTF-8"?>
<!-- Generated by org.testng.reporters.JUnitXMLReporter -->
<testsuite hostname="Anshuls-MacBook.local" ignored="0" tests="3" failures="0" timestamp="2022-06-14T19:50:23 IST" time="0.073" errors="0">
  <testcase name="loginWithInValidCredentials" time="0.011" classname="FaceBookLogin"/>
  <testcase name="loginWithInValidUserName" time="0.003" classname="FaceBookLogin"/>
  <testcase name="loginWithValidCredentials" time="0.002" classname="FaceBookLogin"/>
</testsuite>
