<?xml version="1.0" encoding="UTF-8"?>
<!-- Generated by org.testng.reporters.JUnitXMLReporter -->
<testsuite hostname="Anshuls-MacBook-Air.local" ignored="0" name="Sample Test Case for Package" tests="4" failures="0" timestamp="23 Dec 2018 14:39:23 GMT" time="0.026" errors="0">
  <testcase name="sampleTestTwoMethodOne" time="0.001" classname="com.testng.training.SamplClassTwo"/>
  <testcase name="sampleTestTwoMethodTwo" time="0.002" classname="com.testng.training.SamplClassTwo"/>
  <testcase name="sampleTestOneMethodOne" time="0.006" classname="com.testng.training.SampleTestOne"/>
  <testcase name="sampleTestOneMethodTwo" time="0.002" classname="com.testng.training.SampleTestOne"/>
</testsuite> <!-- Sample Test Case for Package -->
