<?xml version="1.0" encoding="UTF-8"?>
<!-- Generated by org.testng.reporters.JUnitXMLReporter -->
<testsuite ignored="5" hostname="Anshuls-MacBook-M3.local" failures="0" tests="2" name="Manage Portfolio Suite : Create Portfolio Method1" time="0.241" errors="0" timestamp="2024-05-03T23:50:48 IST">
  <testcase classname="testbase.BaseTest" name="@BeforeTest beforeTest" time="0.104">
    <skipped/>
  </testcase> <!-- @BeforeTest beforeTest -->
  <testcase classname="testbase.BaseTest" name="@AfterMethod afterMethod" time="0.0">
    <failure type="java.lang.NullPointerException" message="Cannot invoke &amp;quot;keywords.ApplicationKeywords.reportAll()&amp;quot; because &amp;quot;this.app&amp;quot; is null">
      <![CDATA[java.lang.NullPointerException: Cannot invoke "keywords.ApplicationKeywords.reportAll()" because "this.app" is null
at testbase.BaseTest.afterMethod(BaseTest.java:97)
at java.base/java.util.ArrayList.forEach(ArrayList.java:1596)
at runner.TestNGRunner.run(TestNGRunner.java:45)
at runner.JSONRunner.main(JSONRunner.java:119)
... Removed 27 stack frames]]>
    </failure>
  </testcase> <!-- @AfterMethod afterMethod -->
  <testcase classname="testbase.BaseTest" name="@AfterMethod afterMethod" time="0.0">
    <failure type="java.lang.NullPointerException" message="Cannot invoke &amp;quot;keywords.ApplicationKeywords.reportAll()&amp;quot; because &amp;quot;this.app&amp;quot; is null">
      <![CDATA[java.lang.NullPointerException: Cannot invoke "keywords.ApplicationKeywords.reportAll()" because "this.app" is null
at testbase.BaseTest.afterMethod(BaseTest.java:97)
at java.base/java.util.ArrayList.forEach(ArrayList.java:1596)
at runner.TestNGRunner.run(TestNGRunner.java:45)
at runner.JSONRunner.main(JSONRunner.java:119)
... Removed 27 stack frames]]>
    </failure>
  </testcase> <!-- @AfterMethod afterMethod -->
  <testcase classname="testcasesrediffPortfolio.ManageSessionTest" name="doLogin" time="0.0">
    <skipped/>
  </testcase> <!-- doLogin -->
  <testcase classname="testcasesrediffPortfolio.ManagePortfolioTest" name="createPortfolio" time="0.0">
    <skipped/>
  </testcase> <!-- createPortfolio -->
  <testcase classname="testcasesrediffPortfolio.ManageSessionTest" name="doLogOut" time="0.0">
    <ignored/>
  </testcase> <!-- doLogOut -->
  <testcase classname="testcasesrediffPortfolio.ManagePortfolioTest" name="selectPortfolio" time="0.0">
    <ignored/>
  </testcase> <!-- selectPortfolio -->
  <testcase classname="testbase.BaseTest" name="@BeforeTest beforeTest" time="0.0">
    <ignored/>
  </testcase> <!-- @BeforeTest beforeTest -->
  <testcase classname="testbase.BaseTest" name="@AfterTest afterTest" time="0.0">
    <ignored/>
  </testcase> <!-- @AfterTest afterTest -->
  <testcase classname="testcasesrediffPortfolio.ManagePortfolioTest" name="deletePortfolio" time="0.0">
    <ignored/>
  </testcase> <!-- deletePortfolio -->
</testsuite> <!-- Manage Portfolio Suite : Create Portfolio Method1 -->
