<?xml version="1.0" encoding="UTF-8"?>
<!-- Generated by org.testng.reporters.JUnitXMLReporter -->
<testsuite hostname="Anshuls-MacBook-Air.local" ignored="2" name="MyPortfolioTest" tests="3" failures="0" timestamp="08 Jun 2019 16:42:52 GMT" time="117.93" errors="0">
  <testcase name="addPortfolioTest" time="41.983" classname="TestCases.MyPorfolioTest"/>
  <testcase name="addPortfolioTest" time="37.865" classname="TestCases.MyPorfolioTest"/>
  <testcase name="addPortfolioTest" time="37.105" classname="TestCases.MyPorfolioTest"/>
  <testcase name="openPorfolio" time="0.0" classname="TestCases.MyPorfolioTest">
    <ignored/>
  </testcase> <!-- openPorfolio -->
  <testcase name="verifyLogin" time="0.0" classname="TestCases.MyPorfolioTest">
    <ignored/>
  </testcase> <!-- verifyLogin -->
</testsuite> <!-- MyPortfolioTest -->
