<?xml version="1.0" encoding="UTF-8"?>
<testng-results skipped="0" failed="0" ignored="0" total="8" passed="8">
  <reporter-output>
  </reporter-output>
  <suite name="Test Parameters" duration-ms="12" started-at="2019-01-06T05:44:27Z" finished-at="2019-01-06T05:44:27Z">
    <groups>
    </groups>
    <test name="Test Parameter via XML file" duration-ms="12" started-at="2019-01-06T05:44:27Z" finished-at="2019-01-06T05:44:27Z">
      <class name="com.testng.training.TestParameters">
        <test-method status="PASS" signature="testCaseOne(java.lang.String)[pri:0, instance:com.testng.training.TestParameters@1e88b3c]" name="testCaseOne" duration-ms="2" started-at="2019-01-06T05:44:27Z" finished-at="2019-01-06T05:44:27Z">
          <params>
            <param index="0">
              <value>
                <![CDATA[Mozilla]]>
              </value>
            </param>
          </params>
          <reporter-output>
          </reporter-output>
        </test-method> <!-- testCaseOne -->
        <test-method status="PASS" signature="testCaseTwo(java.lang.String, java.lang.String)[pri:0, instance:com.testng.training.TestParameters@1e88b3c]" name="testCaseTwo" duration-ms="2" started-at="2019-01-06T05:44:27Z" finished-at="2019-01-06T05:44:27Z">
          <params>
            <param index="0">
              <value>
                <![CDATA[anshulc55@gmail.com]]>
              </value>
            </param>
            <param index="1">
              <value>
                <![CDATA[Test@12345]]>
              </value>
            </param>
          </params>
          <reporter-output>
          </reporter-output>
        </test-method> <!-- testCaseTwo -->
      </class> <!-- com.testng.training.TestParameters -->
    </test> <!-- Test Parameter via XML file -->
  </suite> <!-- Test Parameters -->
  <suite name="TestNG Sample" duration-ms="60" started-at="2019-01-06T05:44:22Z" finished-at="2019-01-06T05:44:22Z">
    <groups>
    </groups>
    <test name="Sample" duration-ms="60" started-at="2019-01-06T05:44:22Z" finished-at="2019-01-06T05:44:22Z">
      <class name="executionorder.AnnotationsTest">
        <test-method status="PASS" signature="beforeClass()[pri:0, instance:executionorder.AnnotationsTest@4cc0edeb]" name="beforeClass" is-config="true" duration-ms="1" started-at="2019-01-06T05:44:22Z" finished-at="2019-01-06T05:44:22Z">
          <reporter-output>
          </reporter-output>
        </test-method> <!-- beforeClass -->
        <test-method status="PASS" signature="beforeMethod()[pri:0, instance:executionorder.AnnotationsTest@4cc0edeb]" name="beforeMethod" is-config="true" duration-ms="7" started-at="2019-01-06T05:44:22Z" finished-at="2019-01-06T05:44:22Z">
          <reporter-output>
          </reporter-output>
        </test-method> <!-- beforeMethod -->
        <test-method status="PASS" signature="first()[pri:0, instance:executionorder.AnnotationsTest@4cc0edeb]" name="first" duration-ms="9" started-at="2019-01-06T05:44:22Z" finished-at="2019-01-06T05:44:22Z">
          <reporter-output>
          </reporter-output>
        </test-method> <!-- first -->
        <test-method status="PASS" signature="AfterMethod()[pri:0, instance:executionorder.AnnotationsTest@4cc0edeb]" name="AfterMethod" is-config="true" duration-ms="0" started-at="2019-01-06T05:44:22Z" finished-at="2019-01-06T05:44:22Z">
          <reporter-output>
          </reporter-output>
        </test-method> <!-- AfterMethod -->
        <test-method status="PASS" signature="afterClass()[pri:0, instance:executionorder.AnnotationsTest@4cc0edeb]" name="afterClass" is-config="true" duration-ms="0" started-at="2019-01-06T05:44:22Z" finished-at="2019-01-06T05:44:22Z">
          <reporter-output>
          </reporter-output>
        </test-method> <!-- afterClass -->
        <test-method status="PASS" signature="afterTest()[pri:0, instance:executionorder.AnnotationsTest@4cc0edeb]" name="afterTest" is-config="true" duration-ms="1" started-at="2019-01-06T05:44:22Z" finished-at="2019-01-06T05:44:22Z">
          <reporter-output>
          </reporter-output>
        </test-method> <!-- afterTest -->
        <test-method status="PASS" signature="afterSuite()[pri:0, instance:executionorder.AnnotationsTest@4cc0edeb]" name="afterSuite" is-config="true" duration-ms="0" started-at="2019-01-06T05:44:27Z" finished-at="2019-01-06T05:44:27Z">
          <reporter-output>
          </reporter-output>
        </test-method> <!-- afterSuite -->
      </class> <!-- executionorder.AnnotationsTest -->
      <class name="executionorder.SampleTestngUsage">
        <test-method status="PASS" signature="beforeSuite()[pri:0, instance:executionorder.SampleTestngUsage@7823a2f9]" name="beforeSuite" is-config="true" duration-ms="18" started-at="2019-01-06T05:44:22Z" finished-at="2019-01-06T05:44:22Z">
          <reporter-output>
          </reporter-output>
        </test-method> <!-- beforeSuite -->
        <test-method status="PASS" signature="beforeTest()[pri:0, instance:executionorder.SampleTestngUsage@7823a2f9]" name="beforeTest" is-config="true" duration-ms="1" started-at="2019-01-06T05:44:22Z" finished-at="2019-01-06T05:44:22Z">
          <reporter-output>
          </reporter-output>
        </test-method> <!-- beforeTest -->
      </class> <!-- executionorder.SampleTestngUsage -->
    </test> <!-- Sample -->
  </suite> <!-- TestNG Sample -->
  <suite name="Data Provider Suite" duration-ms="10052" started-at="2019-01-06T05:44:32Z" finished-at="2019-01-06T05:44:42Z">
    <groups>
    </groups>
    <test name="Unit Test" duration-ms="21" started-at="2019-01-06T05:44:32Z" finished-at="2019-01-06T05:44:32Z">
      <class name="com.testng.dataprovider.DataProviderParameterExample">
        <test-method status="PASS" signature="commonScenarios(java.lang.String)[pri:0, instance:com.testng.dataprovider.DataProviderParameterExample@6a41eaa2]" name="commonScenarios" duration-ms="3" started-at="2019-01-06T05:44:32Z" data-provider="scenarioData" finished-at="2019-01-06T05:44:32Z">
          <params>
            <param index="0">
              <value>
                <![CDATA[Common scenario data]]>
              </value>
            </param>
          </params>
          <reporter-output>
          </reporter-output>
        </test-method> <!-- commonScenarios -->
        <test-method status="PASS" signature="scenario1(java.lang.String)[pri:0, instance:com.testng.dataprovider.DataProviderParameterExample@6a41eaa2]" name="scenario1" duration-ms="2" started-at="2019-01-06T05:44:32Z" data-provider="scenarioData" finished-at="2019-01-06T05:44:32Z">
          <params>
            <param index="0">
              <value>
                <![CDATA[Scenario1 data]]>
              </value>
            </param>
          </params>
          <reporter-output>
          </reporter-output>
        </test-method> <!-- scenario1 -->
        <test-method status="PASS" signature="scenario2(java.lang.String)[pri:0, instance:com.testng.dataprovider.DataProviderParameterExample@6a41eaa2]" name="scenario2" duration-ms="2" started-at="2019-01-06T05:44:32Z" data-provider="scenarioData" finished-at="2019-01-06T05:44:32Z">
          <params>
            <param index="0">
              <value>
                <![CDATA[Scenario2 data]]>
              </value>
            </param>
          </params>
          <reporter-output>
          </reporter-output>
        </test-method> <!-- scenario2 -->
      </class> <!-- com.testng.dataprovider.DataProviderParameterExample -->
    </test> <!-- Unit Test -->
    <test name="IntegrationLevel" duration-ms="6" started-at="2019-01-06T05:44:37Z" finished-at="2019-01-06T05:44:37Z">
      <class name="com.testng.dataprovider.DataProviderIntegrationExample">
        <test-method status="PASS" signature="integrationTest(java.lang.String)[pri:0, instance:com.testng.dataprovider.DataProviderIntegrationExample@42e26948]" name="integrationTest" duration-ms="1" started-at="2019-01-06T05:44:37Z" data-provider="TestType" finished-at="2019-01-06T05:44:37Z">
          <params>
            <param index="0">
              <value>
                <![CDATA[Integration test data]]>
              </value>
            </param>
          </params>
          <reporter-output>
          </reporter-output>
        </test-method> <!-- integrationTest -->
      </class> <!-- com.testng.dataprovider.DataProviderIntegrationExample -->
    </test> <!-- IntegrationLevel -->
    <test name="AcceptanceLevel" duration-ms="5" started-at="2019-01-06T05:44:42Z" finished-at="2019-01-06T05:44:42Z">
      <class name="com.testng.dataprovider.DataProviderAcceptanceExample">
        <test-method status="PASS" signature="acceptanceTest(java.lang.String)[pri:0, instance:com.testng.dataprovider.DataProviderAcceptanceExample@204f30ec]" name="acceptanceTest" duration-ms="2" started-at="2019-01-06T05:44:42Z" data-provider="TestType" finished-at="2019-01-06T05:44:42Z">
          <params>
            <param index="0">
              <value>
                <![CDATA[Acceptance test data]]>
              </value>
            </param>
          </params>
          <reporter-output>
          </reporter-output>
        </test-method> <!-- acceptanceTest -->
      </class> <!-- com.testng.dataprovider.DataProviderAcceptanceExample -->
    </test> <!-- AcceptanceLevel -->
  </suite> <!-- Data Provider Suite -->
  <suite name="Multiple Test Suites" duration-ms="0" started-at="2019-01-06T05:44:47Z" finished-at="2019-01-06T05:44:47Z">
    <groups>
    </groups>
  </suite> <!-- Multiple Test Suites -->
</testng-results>
