<?xml version="1.0" encoding="UTF-8"?>
<!-- Generated by org.testng.reporters.JUnitXMLReporter -->
<testsuite hostname="Anshuls-MacBook-Air.local" ignored="0" name="Unit Test" tests="3" failures="0" timestamp="06 Jan 2019 05:44:37 GMT" time="0.021" errors="0">
  <testcase name="commonScenarios" time="0.003" classname="com.testng.dataprovider.DataProviderParameterExample"/>
  <testcase name="scenario1" time="0.002" classname="com.testng.dataprovider.DataProviderParameterExample"/>
  <testcase name="scenario2" time="0.002" classname="com.testng.dataprovider.DataProviderParameterExample"/>
</testsuite> <!-- Unit Test -->
