<?xml version="1.0" encoding="UTF-8"?>
<!-- Generated by org.testng.reporters.JUnitXMLReporter -->
<testsuite hostname="Anshuls-MacBook-Air.local" ignored="0" name="Test Parameter via XML file" tests="2" failures="1" timestamp="03 Jan 2019 15:21:29 GMT" time="0.133" errors="0">
  <testcase name="testCaseOne" time="0.032" classname="com.testng.training.TestParameters"/>
  <testcase name="testCaseTwo" time="0.0" classname="com.testng.training.TestParameters">
    <failure type="org.testng.TestNGException" message="
Parameter &amp;apos;username&amp;apos; is required by @Test on method testCaseTwo but has not been marked @Optional or defined
in /Users/anshul/Trainings/JavaProjectTraining/MyTestNGProject/parameterstestng.xml">
      <![CDATA[org.testng.TestNGException: 
Parameter 'username' is required by @Test on method testCaseTwo but has not been marked @Optional or defined
in /Users/anshul/Trainings/JavaProjectTraining/MyTestNGProject/parameterstestng.xml
... Removed 24 stack frames]]>
    </failure>
  </testcase> <!-- testCaseTwo -->
</testsuite> <!-- Test Parameter via XML file -->
