<?xml version="1.0" encoding="UTF-8"?>
<!-- Generated by org.testng.reporters.JUnitXMLReporter -->
<testsuite ignored="0" hostname="Anshuls-MacBook-M3.local" failures="0" tests="2" name="Test Parameter via XML file" time="0.025" errors="0" timestamp="2024-01-19T22:18:37 IST">
  <testcase classname="com.testng.training.TestParameters" name="testCaseOne" time="0.005"/>
  <testcase classname="com.testng.training.TestParameters" name="testCaseTwo" time="0.005"/>
</testsuite> <!-- Test Parameter via XML file -->
