<?xml version="1.0" encoding="UTF-8"?>
<testng-results ignored="0" total="1" passed="1" failed="0" skipped="0">
  <reporter-output>
  </reporter-output>
  <suite started-at="2024-03-12T22:39:56 IST" name="Default suite" finished-at="2024-03-12T22:41:22 IST" duration-ms="85881">
    <groups>
    </groups>
    <test started-at="2024-03-12T22:39:56 IST" name="Default test" finished-at="2024-03-12T22:41:22 IST" duration-ms="85881">
      <class name="LiveDemoProject.LoginTestClass">
        <test-method is-config="true" signature="init()[pri:0, instance:LiveDemoProject.LoginTestClass@418e7838]" started-at="2024-03-12T22:39:56 IST" name="init" finished-at="2024-03-12T22:40:01 IST" duration-ms="4387" status="PASS">
          <reporter-output>
          </reporter-output>
        </test-method> <!-- init -->
        <test-method signature="rediffMoneyLoginTest()[pri:0, instance:LiveDemoProject.LoginTestClass@418e7838]" started-at="2024-03-12T22:40:01 IST" name="rediffMoneyLoginTest" finished-at="2024-03-12T22:41:22 IST" duration-ms="81344" status="PASS">
          <reporter-output>
          </reporter-output>
        </test-method> <!-- rediffMoneyLoginTest -->
        <test-method is-config="true" signature="finish()[pri:0, instance:LiveDemoProject.LoginTestClass@418e7838]" started-at="2024-03-12T22:41:22 IST" name="finish" finished-at="2024-03-12T22:41:22 IST" duration-ms="133" status="PASS">
          <reporter-output>
          </reporter-output>
        </test-method> <!-- finish -->
      </class> <!-- LiveDemoProject.LoginTestClass -->
    </test> <!-- Default test -->
  </suite> <!-- Default suite -->
</testng-results>
