<?xml version="1.0" encoding="UTF-8"?>
<!-- Generated by org.testng.reporters.JUnitXMLReporter -->
<testsuite hostname="Anshuls-MacBook-Air.local" ignored="0" name="Default test" tests="2" failures="0" timestamp="21 May 2019 16:56:57 GMT" time="36.551" errors="0">
  <testcase name="testOne" time="18.553" classname="com.daradriver.framework.test.LoginTest.loginTest"/>
  <testcase name="testOne" time="16.32" classname="com.daradriver.framework.test.LoginTest.loginTest"/>
</testsuite> <!-- Default test -->
