<?xml version="1.0" encoding="UTF-8"?>
<!-- Generated by org.testng.reporters.JUnitXMLReporter -->
<testsuite hostname="Anshuls-MacBook-Air.local" ignored="0" name="Default test" tests="3" failures="0" timestamp="04 May 2019 17:42:26 GMT" time="37.797" errors="0">
  <testcase name="testOne" time="11.758" classname="com.daradriver.framework.test.LoginTest.loginTest"/>
  <testcase name="testTwo" time="14.726" classname="com.daradriver.framework.test.LoginTest.loginTest"/>
  <testcase name="testThree" time="11.248" classname="com.daradriver.framework.test.LoginTest.loginTest"/>
</testsuite> <!-- Default test -->
