<?xml version="1.0" encoding="UTF-8"?>
<!-- Generated by org.testng.reporters.JUnitXMLReporter -->
<testsuite ignored="4" hostname="Anshuls-MacBook-M3.local" failures="0" tests="2" name="Create Portfolio Test" time="55.86" errors="0" timestamp="2024-04-14T18:23:14 IST">
  <testcase classname="testcasesrediffPortfolio.ManageSessionTest" name="doLogin" time="49.551"/>
  <testcase classname="testcasesrediffPortfolio.ManagePortfolioTest" name="createPortfolio" time="5.952"/>
  <testcase classname="testbase.BaseTest" name="@BeforeTest beforeTest" time="0.0">
    <ignored/>
  </testcase> <!-- @BeforeTest beforeTest -->
  <testcase classname="testcasesrediffPortfolio.ManagePortfolioTest" name="deletePortfolio" time="0.0">
    <ignored/>
  </testcase> <!-- deletePortfolio -->
  <testcase classname="testbase.BaseTest" name="@AfterTest afterTest" time="0.0">
    <ignored/>
  </testcase> <!-- @AfterTest afterTest -->
  <testcase classname="testcasesrediffPortfolio.ManageSessionTest" name="doLogOut" time="0.0">
    <ignored/>
  </testcase> <!-- doLogOut -->
</testsuite> <!-- Create Portfolio Test -->
