<?xml version="1.0" encoding="UTF-8"?>
<testng-results skipped="0" failed="0" ignored="0" total="3" passed="3">
  <reporter-output>
  </reporter-output>
  <suite name="Default suite" duration-ms="37797" started-at="2019-05-04T17:41:43Z" finished-at="2019-05-04T17:42:21Z">
    <groups>
    </groups>
    <test name="Default test" duration-ms="37797" started-at="2019-05-04T17:41:43Z" finished-at="2019-05-04T17:42:21Z">
      <class name="com.daradriver.framework.test.LoginTest.loginTest">
        <test-method status="PASS" signature="testOne()[pri:0, instance:com.daradriver.framework.test.LoginTest.loginTest@523884b2]" name="testOne" duration-ms="11758" started-at="2019-05-04T17:41:43Z" finished-at="2019-05-04T17:41:55Z">
          <reporter-output>
          </reporter-output>
        </test-method> <!-- testOne -->
        <test-method status="PASS" signature="testTwo()[pri:0, instance:com.daradriver.framework.test.LoginTest.loginTest@523884b2]" name="testTwo" duration-ms="14726" started-at="2019-05-04T17:41:55Z" depends-on-methods="com.daradriver.framework.test.LoginTest.loginTest.testOne" finished-at="2019-05-04T17:42:09Z">
          <reporter-output>
          </reporter-output>
        </test-method> <!-- testTwo -->
        <test-method status="PASS" signature="testThree()[pri:0, instance:com.daradriver.framework.test.LoginTest.loginTest@523884b2]" name="testThree" duration-ms="11248" started-at="2019-05-04T17:42:09Z" depends-on-methods="com.daradriver.framework.test.LoginTest.loginTest.testTwo" finished-at="2019-05-04T17:42:21Z">
          <reporter-output>
          </reporter-output>
        </test-method> <!-- testThree -->
      </class> <!-- com.daradriver.framework.test.LoginTest.loginTest -->
    </test> <!-- Default test -->
  </suite> <!-- Default suite -->
</testng-results>
