<?xml version="1.0" encoding="UTF-8"?>
<!-- Generated by org.testng.reporters.JUnitXMLReporter -->
<testsuite ignored="10" hostname="Anshuls-MacBook-M3.local" failures="0" tests="5" name="Add Stocks in Portfolio" time="227.199" errors="0" timestamp="2024-04-21T11:19:50 IST">
  <testcase classname="testcasesrediffPortfolio.ManageSessionTest" name="doLogin" time="87.05"/>
  <testcase classname="testcasesrediffPortfolio.ManagePortfolioTest" name="selectPortfolio" time="22.663"/>
  <testcase classname="testcasesrediffPortfolio.ManageStocksTest" name="addStockTest" time="51.291"/>
  <testcase classname="testcasesrediffPortfolio.ManageStocksTest" name="verifyStockIsPresent" time="32.015"/>
  <testcase classname="testcasesrediffPortfolio.ManageStocksTest" name="verifyTransactionHistory" time="33.817"/>
  <testcase classname="testbase.BaseTest" name="@BeforeTest beforeTest" time="0.0">
    <ignored/>
  </testcase> <!-- @BeforeTest beforeTest -->
  <testcase classname="testcasesrediffPortfolio.ManagePortfolioTest" name="deletePortfolio" time="0.0">
    <ignored/>
  </testcase> <!-- deletePortfolio -->
  <testcase classname="testbase.BaseTest" name="@AfterTest afterTest" time="0.0">
    <ignored/>
  </testcase> <!-- @AfterTest afterTest -->
  <testcase classname="testcasesrediffPortfolio.ManageSessionTest" name="doLogOut" time="0.0">
    <ignored/>
  </testcase> <!-- doLogOut -->
  <testcase classname="testcasesrediffPortfolio.ManageStocksTest" name="modifyStockTest" time="0.0">
    <ignored/>
  </testcase> <!-- modifyStockTest -->
  <testcase classname="testbase.BaseTest" name="@AfterTest afterTest" time="0.0">
    <ignored/>
  </testcase> <!-- @AfterTest afterTest -->
  <testcase classname="testcasesrediffPortfolio.ManageStocksTest" name="verifyStockQuantity" time="0.0">
    <ignored/>
  </testcase> <!-- verifyStockQuantity -->
  <testcase classname="testcasesrediffPortfolio.ManageStocksTest" name="modifyStock" time="0.0">
    <ignored/>
  </testcase> <!-- modifyStock -->
  <testcase classname="testbase.BaseTest" name="@BeforeTest beforeTest" time="0.0">
    <ignored/>
  </testcase> <!-- @BeforeTest beforeTest -->
  <testcase classname="testcasesrediffPortfolio.ManagePortfolioTest" name="createPortfolio" time="0.0">
    <ignored/>
  </testcase> <!-- createPortfolio -->
</testsuite> <!-- Add Stocks in Portfolio -->
