<?xml version="1.0" encoding="UTF-8"?>
<!-- Generated by org.testng.reporters.JUnitXMLReporter -->
<testsuite ignored="9" hostname="Anshuls-MacBook-M3.local" failures="1" tests="6" name="Sell Stocks in Portfolio" time="271.546" errors="0" timestamp="2024-04-21T11:24:21 IST">
  <testcase classname="testcasesrediffPortfolio.ManageSessionTest" name="doLogin" time="83.207"/>
  <testcase classname="testcasesrediffPortfolio.ManagePortfolioTest" name="selectPortfolio" time="17.941"/>
  <testcase classname="testcasesrediffPortfolio.ManageStocksTest" name="verifyStockIsPresent" time="31.747"/>
  <testcase classname="testcasesrediffPortfolio.ManageStocksTest" name="modifyStock" time="70.12"/>
  <testcase classname="testcasesrediffPortfolio.ManageStocksTest" name="verifyStockQuantity" time="31.493"/>
  <testcase classname="testcasesrediffPortfolio.ManageStocksTest" name="verifyTransactionHistory" time="36.894">
    <failure type="java.lang.AssertionError" message="The following asserts failed:
	Got changed quantity in transaction history as -100">
      <![CDATA[java.lang.AssertionError: The following asserts failed:
Got changed quantity in transaction history as -100
at keywords.GenericKeywords.reportAll(GenericKeywords.java:105)
at keywords.GenericKeywords.reportFailure(GenericKeywords.java:94)
at testcasesrediffPortfolio.ManageStocksTest.verifyTransactionHistory(ManageStocksTest.java:80)
at java.base/java.util.ArrayList.forEach(ArrayList.java:1596)
at runner.TestNGRunner.run(TestNGRunner.java:45)
at runner.JSONRunner.main(JSONRunner.java:104)
... Removed 24 stack frames]]>
    </failure>
  </testcase> <!-- verifyTransactionHistory -->
  <testcase classname="testcasesrediffPortfolio.ManagePortfolioTest" name="createPortfolio" time="0.0">
    <ignored/>
  </testcase> <!-- createPortfolio -->
  <testcase classname="testbase.BaseTest" name="@AfterTest afterTest" time="0.0">
    <ignored/>
  </testcase> <!-- @AfterTest afterTest -->
  <testcase classname="testcasesrediffPortfolio.ManageSessionTest" name="doLogOut" time="0.0">
    <ignored/>
  </testcase> <!-- doLogOut -->
  <testcase classname="testcasesrediffPortfolio.ManageStocksTest" name="modifyStockTest" time="0.0">
    <ignored/>
  </testcase> <!-- modifyStockTest -->
  <testcase classname="testbase.BaseTest" name="@BeforeTest beforeTest" time="0.0">
    <ignored/>
  </testcase> <!-- @BeforeTest beforeTest -->
  <testcase classname="testcasesrediffPortfolio.ManagePortfolioTest" name="deletePortfolio" time="0.0">
    <ignored/>
  </testcase> <!-- deletePortfolio -->
  <testcase classname="testbase.BaseTest" name="@AfterTest afterTest" time="0.0">
    <ignored/>
  </testcase> <!-- @AfterTest afterTest -->
  <testcase classname="testbase.BaseTest" name="@BeforeTest beforeTest" time="0.0">
    <ignored/>
  </testcase> <!-- @BeforeTest beforeTest -->
  <testcase classname="testcasesrediffPortfolio.ManageStocksTest" name="addStockTest" time="0.0">
    <ignored/>
  </testcase> <!-- addStockTest -->
</testsuite> <!-- Sell Stocks in Portfolio -->
